<?xml version="1.0" encoding="UTF-8"?>
<!-- Generated by org.testng.reporters.JUnitReportReporter -->
<testsuite hostname="TANMOY_DATTA" failures="0" tests="1" name="testcases.TestHomePage" time="70.404" errors="0" timestamp="2023-02-23T22:08:40 BDT" skipped="0">
  <testcase classname="testcases.TestHomePage" name="HomePageTitle" time="70.404"/>
  <system-out/>
</testsuite> <!-- testcases.TestHomePage -->
